Parameter named 'use_population' not found.
(rank 0) Start mcmc_bamr::mcmc_init().
mcmc: Table column names and units: 
rank 
thread 
walker 
mult 
log_wgt 
a MeV
alpha 
param_S MeV
param_L MeV
index1 
trans1 1/fm^4
index2 
trans2 1/fm^4
index3 
M_chirp_det Msun
eta 
z_cdf 
mf_6304 
mf_6397 
mf_M13 
mf_M28 
mf_M30 
mf_wCen 
mf_X7 
mf_1810b 
mf_1724b 
mf_1702 
mf_0030 
log10_is_6304 
log10_is_6397 
log10_is_M13 
log10_is_M28 
log10_is_M30 
log10_is_wCen 
log10_is_X7 
log10_is_1810b 
log10_is_1724b 
log10_is_1702 
log10_is_0030 
Prefix is: compare_threep_2
bamr: Loading 11 data files with rank 0 and size 1
(rank 0) End mcmc_bamr::mcmc_init().
Here2.
H1.
H2.
Here1: 1.934691e+00
3 constants:
L 2.787252e-01
S 1.621674e-01
tews -3.801798e+00
3 columns: 
0. ed [1/fm^4] 1. pr [1/fm^4] 2. nb [1/fm^3] 
104 lines of data.
0 constants:
11 columns: 
0. gm [Msun]        4. ed [1/fm^4]      8. dmdr [Msun/km]   
1. r [km]           5. nb [1/fm^3]      9. dlogpdr [1/km]   
2. bm [Msun]        6. sg [1/km]        10. dbmdr [Msun/km] 
3. pr [1/fm^4]      7. rs []            
99 lines of data.
Central energy density (in 1/fm^4): 7.252503e+00
H3.
H4.
7.107100e-01 7.100000e-01 1.934611e+00 1.934691e+00
Here dxdy: -8.824035e+00
Setting constant.
Central energy density (in 1/fm^4): 7.254147e+00
H5
H6
End model::compute_star().
Here1
Here1
Here1
Here1
Here1
Here1
Here1
Here1
Here1
Here1
Here1
Ligo prob interp.
Getting constant.
Here2.
H1.
H2.
Here1: 1.858367e+00
